2025-07-14 07:01:00 | WARN | repo=arquillian-phantom-binary | action=commit
2025-05-04 16:04:00 | WARN | repo=arquillian-phantom-binary | action=edit | files=5
2025-03-14 14:19:00 | INFO | repo=arquillian-phantom-binary | action=commit
2025-10-08 16:00:00 | WARN | repo=arquillian-phantom-binary | action=commit
2025-03-07 14:21:00 | WARN | repo=arquillian-phantom-binary | action=pull
2025-10-03 13:22:00 | INFO | repo=arquillian-phantom-binary | action=test | passed=true
2025-07-16 07:04:00 | DEBUG | repo=arquillian-phantom-binary | action=commit
2025-04-05 16:58:00 | WARN | repo=arquillian-phantom-binary | action=commit
2025-03-28 18:59:00 | DEBUG | repo=arquillian-phantom-binary | action=edit | files=4
2025-10-09 08:46:00 | DEBUG | repo=arquillian-phantom-binary | action=test | passed=true
2025-11-12 11:56:00 | INFO | repo=arquillian-phantom-binary | action=commit
2025-05-17 18:38:00 | INFO | repo=arquillian-phantom-binary | action=pull
2025-05-06 07:20:00 | INFO | repo=arquillian-phantom-binary | action=pull
2025-11-17 07:53:00 | DEBUG | repo=arquillian-phantom-binary | action=pull
2025-09-14 10:47:00 | WARN | repo=arquillian-phantom-binary | action=commit
2025-10-01 14:37:00 | DEBUG | repo=arquillian-phantom-binary | action=edit | files=1
2025-06-13 08:13:00 | DEBUG | repo=arquillian-phantom-binary | action=commit
2025-05-21 09:30:00 | DEBUG | repo=arquillian-phantom-binary | action=commit
2025-02-12 18:21:00 | WARN | repo=arquillian-phantom-binary | action=pull
2025-11-22 19:52:00 | INFO | repo=arquillian-phantom-binary | action=commit
